Using pre-set license
Built from '2021.3/china_unity/release' branch; Version is '2021.3.4f1c1 (64682593795a) revision 6580261'; Using compiler version '192829333'; Build Type 'Release'
OS: 'Windows 11  (10.0.22000) 64bit Professional' Language: 'zh' Physical Memory: 16315 MB
BatchMode: 1, IsHumanControllingUs: 0, StartBugReporterOnCrash: 0, Is64bit: 1, IsPro: 1

COMMAND LINE ARGUMENTS:
C:\Program Files\Unity 2021.3.4f1c1\Editor\Unity.exe
-adb2
-batchMode
-noUpm
-name
AssetImportWorker0
-projectPath
C:/Users/Girafe/unityproject/GGJ2023/FrootGgj2023
-logFile
Logs/AssetImportWorker0.log
-srvPort
2279
Successfully changed project path to: C:/Users/Girafe/unityproject/GGJ2023/FrootGgj2023
C:/Users/Girafe/unityproject/GGJ2023/FrootGgj2023
[UnityMemory] Configuration Parameters - Can be set up in boot.config
    "memorysetup-bucket-allocator-granularity=16"
    "memorysetup-bucket-allocator-bucket-count=8"
    "memorysetup-bucket-allocator-block-size=33554432"
    "memorysetup-bucket-allocator-block-count=8"
    "memorysetup-main-allocator-block-size=16777216"
    "memorysetup-thread-allocator-block-size=16777216"
    "memorysetup-gfx-main-allocator-block-size=16777216"
    "memorysetup-gfx-thread-allocator-block-size=16777216"
    "memorysetup-cache-allocator-block-size=4194304"
    "memorysetup-typetree-allocator-block-size=2097152"
    "memorysetup-profiler-bucket-allocator-granularity=16"
    "memorysetup-profiler-bucket-allocator-bucket-count=8"
    "memorysetup-profiler-bucket-allocator-block-size=33554432"
    "memorysetup-profiler-bucket-allocator-block-count=8"
    "memorysetup-profiler-allocator-block-size=16777216"
    "memorysetup-profiler-editor-allocator-block-size=1048576"
    "memorysetup-temp-allocator-size-main=16777216"
    "memorysetup-job-temp-allocator-block-size=2097152"
    "memorysetup-job-temp-allocator-block-size-background=1048576"
    "memorysetup-job-temp-allocator-reduction-small-platforms=262144"
    "memorysetup-temp-allocator-size-background-worker=32768"
    "memorysetup-temp-allocator-size-job-worker=262144"
    "memorysetup-temp-allocator-size-preload-manager=33554432"
    "memorysetup-temp-allocator-size-nav-mesh-worker=65536"
    "memorysetup-temp-allocator-size-audio-worker=65536"
    "memorysetup-temp-allocator-size-cloud-worker=32768"
    "memorysetup-temp-allocator-size-gi-baking-worker=262144"
    "memorysetup-temp-allocator-size-gfx=262144"
AS: AutoStreaming module initializing.
Refreshing native plugins compatible for Editor in 92.87 ms, found 3 plugins.
Preloading 0 native plugins for Editor in 0.00 ms.
Initialize engine version: 2021.3.4f1c1 (64682593795a)
[Subsystems] Discovering subsystems at path C:/Program Files/Unity 2021.3.4f1c1/Editor/Data/Resources/UnitySubsystems
[Subsystems] Discovering subsystems at path C:/Users/Girafe/unityproject/GGJ2023/FrootGgj2023/Assets
GfxDevice: creating device client; threaded=0; jobified=0
Direct3D:
    Version:  Direct3D 11.0 [level 11.1]
    Renderer: NVIDIA GeForce RTX 2060 SUPER (ID=0x1f06)
    Vendor:   NVIDIA
    VRAM:     8019 MB
    Driver:   31.0.15.2737
Initialize mono
Mono path[0] = 'C:/Program Files/Unity 2021.3.4f1c1/Editor/Data/Managed'
Mono path[1] = 'C:/Program Files/Unity 2021.3.4f1c1/Editor/Data/MonoBleedingEdge/lib/mono/unityjit-win32'
Mono config path = 'C:/Program Files/Unity 2021.3.4f1c1/Editor/Data/MonoBleedingEdge/etc'
Using monoOptions --debugger-agent=transport=dt_socket,embedding=1,server=y,suspend=n,address=127.0.0.1:56844
Begin MonoManager ReloadAssembly
Registering precompiled unity dll's ...
Register platform support module: C:/Program Files/Unity 2021.3.4f1c1/Editor/Data/PlaybackEngines/WindowsStandaloneSupport/UnityEditor.WindowsStandalone.Extensions.dll
Registered in 0.026761 seconds.
Native extension for WindowsStandalone target not found
Refreshing native plugins compatible for Editor in 77.11 ms, found 3 plugins.
Preloading 0 native plugins for Editor in 0.00 ms.
Mono: successfully reloaded assembly
- Completed reload, in  0.887 seconds
Domain Reload Profiling:
	ReloadAssembly (888ms)
		BeginReloadAssembly (200ms)
			ExecutionOrderSort (0ms)
			DisableScriptedObjects (0ms)
			BackupInstance (0ms)
			ReleaseScriptingObjects (0ms)
			CreateAndSetChildDomain (1ms)
		EndReloadAssembly (476ms)
			LoadAssemblies (178ms)
			RebuildTransferFunctionScriptingTraits (0ms)
			SetupTypeCache (103ms)
			ReleaseScriptCaches (0ms)
			RebuildScriptCaches (24ms)
			SetupLoadedEditorAssemblies (253ms)
				LogAssemblyErrors (0ms)
				InitializePlatformSupportModulesInManaged (11ms)
				SetLoadedEditorAssemblies (0ms)
				RefreshPlugins (77ms)
				BeforeProcessingInitializeOnLoad (2ms)
				ProcessInitializeOnLoadAttributes (111ms)
				ProcessInitializeOnLoadMethodAttributes (51ms)
				AfterProcessingInitializeOnLoad (0ms)
				EditorAssembliesLoaded (0ms)
			ExecutionOrderSort2 (0ms)
			AwakeInstancesAfterBackupRestoration (0ms)
Platform modules already initialized, skipping
Registering precompiled user dll's ...
Registered in 0.030281 seconds.
Begin MonoManager ReloadAssembly
Symbol file LoadedFromMemory doesn't match image C:\Users\Girafe\unityproject\GGJ2023\FrootGgj2023\Library\PackageCache\com.unity.visualscripting@1.7.8\Editor\VisualScripting.Core\Dependencies\YamlDotNet\Unity.VisualScripting.YamlDotNet.dll
Symbol file LoadedFromMemory doesn't match image C:\Users\Girafe\unityproject\GGJ2023\FrootGgj2023\Library\PackageCache\com.unity.visualscripting@1.7.8\Editor\VisualScripting.Core\Dependencies\DotNetZip\Unity.VisualScripting.IonicZip.dll
Native extension for WindowsStandalone target not found
Refreshing native plugins compatible for Editor in 0.98 ms, found 3 plugins.
Preloading 0 native plugins for Editor in 0.00 ms.
Mono: successfully reloaded assembly
- Completed reload, in  1.608 seconds
Domain Reload Profiling:
	ReloadAssembly (1609ms)
		BeginReloadAssembly (206ms)
			ExecutionOrderSort (0ms)
			DisableScriptedObjects (5ms)
			BackupInstance (0ms)
			ReleaseScriptingObjects (0ms)
			CreateAndSetChildDomain (18ms)
		EndReloadAssembly (1184ms)
			LoadAssemblies (242ms)
			RebuildTransferFunctionScriptingTraits (0ms)
			SetupTypeCache (290ms)
			ReleaseScriptCaches (1ms)
			RebuildScriptCaches (79ms)
			SetupLoadedEditorAssemblies (490ms)
				LogAssemblyErrors (0ms)
				InitializePlatformSupportModulesInManaged (13ms)
				SetLoadedEditorAssemblies (1ms)
				RefreshPlugins (1ms)
				BeforeProcessingInitializeOnLoad (170ms)
				ProcessInitializeOnLoadAttributes (223ms)
				ProcessInitializeOnLoadMethodAttributes (28ms)
				AfterProcessingInitializeOnLoad (55ms)
				EditorAssembliesLoaded (0ms)
			ExecutionOrderSort2 (0ms)
			AwakeInstancesAfterBackupRestoration (13ms)
Platform modules already initialized, skipping
========================================================================
Worker process is ready to serve import requests
Launched and connected shader compiler UnityShaderCompiler.exe after 0.06 seconds
Refreshing native plugins compatible for Editor in 0.75 ms, found 3 plugins.
Preloading 0 native plugins for Editor in 0.00 ms.
Unloading 3327 Unused Serialized files (Serialized files now loaded: 0)
Unloading 25 unused Assets / (128.0 KB). Loaded Objects now: 3801.
Memory consumption went from 132.9 MB to 132.8 MB.
Total: 3.457300 ms (FindLiveObjects: 0.394700 ms CreateObjectMapping: 0.092500 ms MarkObjects: 2.861600 ms  DeleteObjects: 0.107300 ms)

AssetImportParameters requested are different than current active one (requested -> active):
  custom:video-decoder-ogg-theora: a1e56fd34408186e4bbccfd4996cb3dc -> 
  custom:container-muxer-webm: aa71ff27fc2769a1b78a27578f13a17b -> 
  custom:container-demuxer-webm: 4f35f7cbe854078d1ac9338744f61a02 -> 
  custom:video-encoder-webm-vp8: eb34c28f22e8b96e1ab97ce403110664 -> 
  custom:video-codec-MediaFoundation-h265: 746d11721c4dcdbdad8f713fa42b33f4 -> 
  custom:audio-encoder-webm-vorbis: bf7c407c2cedff20999df2af8eb42d56 -> 
  custom:framework-win-MediaFoundation: 216162199b28c13a410421893ffa2e32 -> 
  custom:container-demuxer-ogg: 62fdf1f143b41e24485cea50d1cbac27 -> 
  custom:video-decoder-webm-vp8: 9c59270c3fd7afecdb556c50c9e8de78 -> 
  custom:audio-decoder-ogg-vorbis: bf7c407c2cedff20999df2af8eb42d56 -> 
========================================================================
Received Import Request.
  Time since last request: 16730.210082 seconds.
  path: Assets/PlanetaryDefence
  artifactKey: Guid(7ee3e59e7d25be9468f5a6568624f674) Importer(815301076,1909f56bfc062723c751e8b465ee728b)
Start importing Assets/PlanetaryDefence using Guid(7ee3e59e7d25be9468f5a6568624f674) Importer(815301076,1909f56bfc062723c751e8b465ee728b)  -> (artifact id: 'aa2e14a3fd3fd7e2a1053fed5f57e94d') in 0.009890 seconds 
========================================================================
Received Import Request.
  Time since last request: 0.000038 seconds.
  path: Assets/PlanetaryDefence/Scenes
  artifactKey: Guid(d4775330a7264ba499d811f8e970a919) Importer(815301076,1909f56bfc062723c751e8b465ee728b)
Start importing Assets/PlanetaryDefence/Scenes using Guid(d4775330a7264ba499d811f8e970a919) Importer(815301076,1909f56bfc062723c751e8b465ee728b)  -> (artifact id: 'a3aefeb66fe56b8c12c276dcf3f9b6a7') in 0.004578 seconds 
========================================================================
Received Import Request.
  Time since last request: 486.189983 seconds.
  path: Assets/PlanetaryDefence/UI
  artifactKey: Guid(46dc990cbc41cdb4c8b4ddaa8b5b6159) Importer(815301076,1909f56bfc062723c751e8b465ee728b)
Start importing Assets/PlanetaryDefence/UI using Guid(46dc990cbc41cdb4c8b4ddaa8b5b6159) Importer(815301076,1909f56bfc062723c751e8b465ee728b)  -> (artifact id: '8b91deeb185fff0737678fa9d97b18dd') in 0.004040 seconds 
========================================================================
Received Import Request.
  Time since last request: 65.340143 seconds.
  path: Assets/PlanetaryDefence/UI/Background.png
  artifactKey: Guid(76f83ac281ce2204fba5b10a3360a7be) Importer(815301076,1909f56bfc062723c751e8b465ee728b)
Start importing Assets/PlanetaryDefence/UI/Background.png using Guid(76f83ac281ce2204fba5b10a3360a7be) Importer(815301076,1909f56bfc062723c751e8b465ee728b)  -> (artifact id: '4e1d849e44b5018b2291a7725e749637') in 0.170702 seconds 
========================================================================
Received Import Request.
  Time since last request: 0.000041 seconds.
  path: Assets/PlanetaryDefence/UI/d exit.png
  artifactKey: Guid(086f06bfe881d194bbc5cf2fbc737ccd) Importer(815301076,1909f56bfc062723c751e8b465ee728b)
Start importing Assets/PlanetaryDefence/UI/d exit.png using Guid(086f06bfe881d194bbc5cf2fbc737ccd) Importer(815301076,1909f56bfc062723c751e8b465ee728b)  -> (artifact id: 'b153f02ab8f78f75cbec4bb5082c1c9a') in 0.023113 seconds 
========================================================================
Received Import Request.
  Time since last request: 0.000046 seconds.
  path: Assets/PlanetaryDefence/UI/rolling ball.png
  artifactKey: Guid(49022615454b302429af5c77a7719ae6) Importer(815301076,1909f56bfc062723c751e8b465ee728b)
Start importing Assets/PlanetaryDefence/UI/rolling ball.png using Guid(49022615454b302429af5c77a7719ae6) Importer(815301076,1909f56bfc062723c751e8b465ee728b)  -> (artifact id: 'd4801c22e5e8fccf50d34936246851f8') in 0.019024 seconds 
========================================================================
Received Import Request.
  Time since last request: 0.000031 seconds.
  path: Assets/PlanetaryDefence/UI/FROOT title.png
  artifactKey: Guid(382b258de72d4f74f8eeca8386049a23) Importer(815301076,1909f56bfc062723c751e8b465ee728b)
Start importing Assets/PlanetaryDefence/UI/FROOT title.png using Guid(382b258de72d4f74f8eeca8386049a23) Importer(815301076,1909f56bfc062723c751e8b465ee728b)  -> (artifact id: '951e0a3f99191ae0507cf0e9c337b7f3') in 0.025754 seconds 
========================================================================
Received Import Request.
  Time since last request: 0.000038 seconds.
  path: Assets/PlanetaryDefence/UI/y start.png
  artifactKey: Guid(e6ff840050aff7e40ab29f7d175ab8a8) Importer(815301076,1909f56bfc062723c751e8b465ee728b)
Start importing Assets/PlanetaryDefence/UI/y start.png using Guid(e6ff840050aff7e40ab29f7d175ab8a8) Importer(815301076,1909f56bfc062723c751e8b465ee728b)  -> (artifact id: 'e848cb25a76a4caedb73731405c2e9c6') in 0.022479 seconds 
========================================================================
Received Import Request.
  Time since last request: 0.000036 seconds.
  path: Assets/PlanetaryDefence/UI/y about.png
  artifactKey: Guid(5f124171e58657e4e9e12ab7576423ff) Importer(815301076,1909f56bfc062723c751e8b465ee728b)
Start importing Assets/PlanetaryDefence/UI/y about.png using Guid(5f124171e58657e4e9e12ab7576423ff) Importer(815301076,1909f56bfc062723c751e8b465ee728b)  -> (artifact id: '74cb48695e7ffd14bd3fb54849dddb89') in 0.021583 seconds 
========================================================================
Received Import Request.
  Time since last request: 0.000035 seconds.
  path: Assets/PlanetaryDefence/UI/seedInitial.gif
  artifactKey: Guid(e7d0fd2f296aa424ebf1b38d24848910) Importer(815301076,1909f56bfc062723c751e8b465ee728b)
Start importing Assets/PlanetaryDefence/UI/seedInitial.gif using Guid(e7d0fd2f296aa424ebf1b38d24848910) Importer(815301076,1909f56bfc062723c751e8b465ee728b)  -> (artifact id: '7462814e59860fdbb156a2494d4d5158') in 0.045028 seconds 
========================================================================
Received Import Request.
  Time since last request: 0.000028 seconds.
  path: Assets/PlanetaryDefence/UI/y setting.png
  artifactKey: Guid(00c845941dfdb4546b5e4de0950928b0) Importer(815301076,1909f56bfc062723c751e8b465ee728b)
Start importing Assets/PlanetaryDefence/UI/y setting.png using Guid(00c845941dfdb4546b5e4de0950928b0) Importer(815301076,1909f56bfc062723c751e8b465ee728b)  -> (artifact id: '79dd31034db08ea386e5bcbeda913d26') in 0.024965 seconds 
========================================================================
Received Import Request.
  Time since last request: 0.000040 seconds.
  path: Assets/PlanetaryDefence/UI/w ahout.png
  artifactKey: Guid(8e22cae604778b24abbd435c12ead438) Importer(815301076,1909f56bfc062723c751e8b465ee728b)
Start importing Assets/PlanetaryDefence/UI/w ahout.png using Guid(8e22cae604778b24abbd435c12ead438) Importer(815301076,1909f56bfc062723c751e8b465ee728b)  -> (artifact id: 'f428faa24c49dccb66b2d2a226e052e7') in 0.022296 seconds 
Editor requested this worker to shutdown with reason: Scaling down because of idle timeout
AssetImportWorker is now disconnected from the server
Process exiting
Exiting without the bug reporter. Application will terminate with return code 0